{"/Users/reizhafajrian/Kultra/Kultra/src/components/Button/Button.tsx": {"path":"/Users/reizhafajrian/Kultra/Kultra/src/components/Button/Button.tsx","statementMap":{"0":{"start":{"line":1,"column":0},"end":{"line":1,"column":26}},"1":{"start":{"line":2,"column":0},"end":{"line":2,"column":57}},"2":{"start":{"line":3,"column":0},"end":{"line":3,"column":34}},"3":{"start":{"line":4,"column":0},"end":{"line":4,"column":40}},"4":{"start":{"line":19,"column":2},"end":{"line":40,"column":4}},"5":{"start":{"line":33,"column":21},"end":{"line":33,"column":30}},"6":{"start":{"line":13,"column":0},"end":{"line":13,"column":24}}},"fnMap":{"0":{"name":"Button","decl":{"start":{"line":13,"column":24},"end":{"line":13,"column":30}},"loc":{"start":{"line":18,"column":8},"end":{"line":41,"column":1}}},"1":{"name":"(anonymous_2)","decl":{"start":{"line":33,"column":15},"end":{"line":33,"column":18}},"loc":{"start":{"line":33,"column":21},"end":{"line":33,"column":30}}}},"branchMap":{},"s":{"0":1,"1":1,"2":1,"3":1,"4":1,"5":1,"6":1},"f":{"0":1,"1":1},"b":{}}
,"/Users/reizhafajrian/Kultra/Kultra/src/utils/color.js": {"path":"/Users/reizhafajrian/Kultra/Kultra/src/utils/color.js","statementMap":{"0":{"start":{"line":1,"column":14},"end":{"line":7,"column":1}}},"fnMap":{},"branchMap":{},"s":{"0":1},"f":{},"b":{},"_coverageSchema":"1a1c01bbd47fc00a2c39e90264f33305004495a9","hash":"940e5053261f9c25ef22b9484dbe35dbdb2270db"}
}
